[03:59:10] [main/WARN]: Ambiguity between arguments [teleport, destination] and [teleport, targets] with inputs: [Player, 0123, @e, dd12be42-52a9-4a91-a8a1-11c01849e498]
[03:59:10] [main/WARN]: Ambiguity between arguments [teleport, location] and [teleport, destination] with inputs: [0.1 -0.5 .9, 0 0 0]
[03:59:10] [main/WARN]: Ambiguity between arguments [teleport, location] and [teleport, targets] with inputs: [0.1 -0.5 .9, 0 0 0]
[03:59:10] [main/WARN]: Ambiguity between arguments [teleport, targets] and [teleport, destination] with inputs: [Player, 0123, dd12be42-52a9-4a91-a8a1-11c01849e498]
[03:59:10] [main/WARN]: Ambiguity between arguments [teleport, targets, location] and [teleport, targets, destination] with inputs: [0.1 -0.5 .9, 0 0 0]
[03:59:10] [Server thread/INFO]: Starting minecraft server version 1.14.4
[03:59:10] [Server thread/INFO]: Loading properties
[03:59:10] [Server thread/INFO]: Default game type: SURVIVAL
[03:59:10] [Server thread/INFO]: Generating keypair
[03:59:10] [Server thread/INFO]: Starting Minecraft server on *:25565
[03:59:10] [Server thread/INFO]: Using default channel type
[03:59:11] [Server thread/INFO]: Preparing level "world"
[03:59:11] [Server thread/INFO]: Reloading ResourceManager: Default
[03:59:11] [Server thread/INFO]: Loaded 6 recipes
[03:59:12] [Server thread/INFO]: Loaded 811 advancements
[03:59:12] [Server thread/INFO]: Preparing start region for dimension minecraft:overworld
[03:59:13] [Server thread/INFO]: Preparing spawn area: 0%
[03:59:13] [Server thread/INFO]: Preparing spawn area: 0%
[03:59:13] [Server thread/INFO]: Preparing spawn area: 0%
[03:59:17] [Server-Worker-2/INFO]: Preparing spawn area: 0%
[03:59:17] [Server-Worker-1/INFO]: Preparing spawn area: 0%
[03:59:17] [Server-Worker-1/INFO]: Preparing spawn area: 0%
[03:59:17] [Server-Worker-1/INFO]: Preparing spawn area: 0%
[03:59:17] [Server-Worker-1/INFO]: Preparing spawn area: 0%
[03:59:17] [Server-Worker-1/INFO]: Preparing spawn area: 0%
[03:59:17] [Server-Worker-1/INFO]: Preparing spawn area: 0%
[03:59:17] [Server thread/INFO]: Preparing spawn area: 0%
[03:59:17] [Server thread/INFO]: Time elapsed: 5330 ms
[03:59:17] [Server thread/INFO]: Done (6.686s)! For help, type "help"
[03:59:27] [User Authenticator #1/INFO]: UUID of player iiRandom is bb22d651-3ca2-4dd0-8c36-39dfaab6510c
[03:59:27] [Server thread/INFO]: iiRandom[/25.73.12.221:24304] logged in with entity id 136 at (-1.7271937483052926, 70.0, 68.30013104069997)
[03:59:27] [Server thread/INFO]: iiRandom joined the game
[03:59:32] [Server thread/INFO]: iiRandom lost connection: Disconnected
[03:59:32] [Server thread/INFO]: iiRandom left the game
[03:59:36] [Server thread/INFO]: Stopping the server
[03:59:36] [Server thread/INFO]: Stopping server
[03:59:36] [Server thread/INFO]: Saving players
[03:59:36] [Server thread/INFO]: Saving worlds
[03:59:36] [Server thread/INFO]: Saving chunks for level 'world'/minecraft:overworld
[03:59:37] [Server thread/INFO]: ThreadedAnvilChunkStorage (world): All chunks are saved
[03:59:37] [Server thread/INFO]: Saving chunks for level 'world'/minecraft:the_nether
[03:59:37] [Server thread/INFO]: ThreadedAnvilChunkStorage (DIM-1): All chunks are saved
[03:59:37] [Server thread/INFO]: Saving chunks for level 'world'/minecraft:the_end
[03:59:37] [Server thread/INFO]: ThreadedAnvilChunkStorage (DIM1): All chunks are saved
[03:59:37] [Server thread/INFO]: ThreadedAnvilChunkStorage (world): All chunks are saved
[03:59:37] [Server thread/INFO]: ThreadedAnvilChunkStorage (DIM-1): All chunks are saved
[03:59:37] [Server thread/INFO]: ThreadedAnvilChunkStorage (DIM1): All chunks are saved
